25.01.2023 - 03:09:31 - [TAB v3.1.0] Something just tried to add player handylizard into team handylizard (expected team: 07handylizardA)
25.01.2023 - 03:53:31 - [TAB v3.1.0] Something just tried to add player handylizard into team handylizard (expected team: 02handylizardA)
25.01.2023 - 07:06:01 - [TAB v3.1.0] Something just tried to add player handylizard into team handylizard (expected team: 02handylizardA)
25.01.2023 - 07:26:05 - [TAB v3.1.0] Something just tried to add player Amongus into team Amongus (expected team: 07AmongusA)
25.01.2023 - 08:19:42 - [TAB v3.1.0] Something just tried to add player handylizard into team handylizard (expected team: 02handylizardA)
25.01.2023 - 09:50:40 - [TAB v3.1.0] Something just tried to add player luck_ into team luck_ (expected team: 07luck_A)
27.01.2023 - 22:01:43 - [TAB v3.1.0] Something just tried to add player miguel_the_papi into team miguel_the_papi (expected team: 07miguel_the_paA)
27.01.2023 - 22:02:31 - [TAB v3.1.0] Something just tried to add player miguel_the_papi into team miguel_the_papi (expected team: 07miguel_the_paA)
27.01.2023 - 22:05:59 - [TAB v3.1.0] Something just tried to add player Dream into team Dream (expected team: 07DreamA)
28.01.2023 - 15:01:36 - [TAB v3.1.0] Something just tried to add player miguel_the_papi_ into team miguel_the_papi_ (expected team: 07miguel_the_paA)
28.01.2023 - 23:37:34 - [TAB v3.1.0] Something just tried to add player miguel_the_papi into team miguel_the_papi (expected team: 07miguel_the_paA)
28.01.2023 - 23:40:15 - [TAB v3.1.0] Something just tried to add player coolbro001 into team coolbro001 (expected team: 07coolbro001A)
28.01.2023 - 23:43:11 - [TAB v3.1.0] Something just tried to add player GOD_kervens into team GOD_kervens (expected team: 07GOD_kervensA)
28.01.2023 - 23:46:14 - [TAB v3.1.0] Something just tried to add player coolbro001 into team coolbro001 (expected team: 07coolbro001A)
28.01.2023 - 23:47:15 - [TAB v3.1.0] Something just tried to add player GOD_kervens into team GOD_kervens (expected team: 07GOD_kervensA)
28.01.2023 - 23:47:52 - [TAB v3.1.0] Something just tried to add player coolbro001 into team coolbro001 (expected team: 07coolbro001A)
29.01.2023 - 00:06:57 - [TAB v3.1.0] Something just tried to add player GOD_kervens into team GOD_kervens (expected team: 07GOD_kervensA)
29.01.2023 - 02:32:14 - [TAB v3.1.0] Something just tried to add player IaM9 into team IaM9 (expected team: 07IaM9A)
29.01.2023 - 05:56:46 - [TAB v3.1.0] Something just tried to add player Noob_Gamer into team Noob_Gamer (expected team: 07Noob_GamerA)
29.01.2023 - 06:12:58 - [TAB v3.1.0] Something just tried to add player VoolEagl79__1 into team VoolEagl79__1 (expected team: 07VoolEagl79__1A)
29.01.2023 - 18:50:25 - [TAB v3.1.0] Something just tried to add player B3T4_F0X into team B3T4_F0X (expected team: 07B3T4_F0XA)
29.01.2023 - 19:02:04 - [TAB v3.1.0] Something just tried to add player coolbro001 into team coolbro001 (expected team: 07coolbro001A)
29.01.2023 - 19:03:12 - [TAB v3.1.0] Something just tried to add player GOD_kervens into team GOD_kervens (expected team: 07GOD_kervensA)
29.01.2023 - 20:18:03 - [TAB v3.1.0] Something just tried to add player B3T4_F0X into team B3T4_F0X (expected team: 07B3T4_F0XA)
29.01.2023 - 20:30:11 - [TAB v3.1.0] Something just tried to add player coolbro001 into team coolbro001 (expected team: 07coolbro001A)
29.01.2023 - 20:32:58 - [TAB v3.1.0] Something just tried to add player ThatGuy into team ThatGuy (expected team: 07ThatGuyA)
29.01.2023 - 20:39:01 - [TAB v3.1.0] Something just tried to add player B3T4_F0X into team B3T4_F0X (expected team: 07B3T4_F0XA)
29.01.2023 - 20:44:06 - [TAB v3.1.0] Something just tried to add player ThatGuy into team ThatGuy (expected team: 07ThatGuyA)
29.01.2023 - 20:51:10 - [TAB v3.1.0] Something just tried to add player coolbro001 into team coolbro001 (expected team: 07coolbro001A)
29.01.2023 - 20:55:10 - [TAB v3.1.0] Something just tried to add player ThatGuy into team ThatGuy (expected team: 07ThatGuyA)
29.01.2023 - 23:17:59 - [TAB v3.1.0] Something just tried to add player FlameBlade into team FlameBlade (expected team: 07FlameBladeA)
29.01.2023 - 23:45:48 - [TAB v3.1.0] Something just tried to add player GOD_kervens into team GOD_kervens (expected team: 07GOD_kervensA)
29.01.2023 - 23:47:45 - [TAB v3.1.0] Something just tried to add player coolbro001 into team coolbro001 (expected team: 07coolbro001A)
29.01.2023 - 23:57:19 - [TAB v3.1.0] Something just tried to add player miguel_the_papi into team miguel_the_papi (expected team: 07miguel_the_paA)
30.01.2023 - 00:00:06 - [TAB v3.1.0] Something just tried to add player GOD_kervens into team GOD_kervens (expected team: 07GOD_kervensA)
30.01.2023 - 00:04:04 - [TAB v3.1.0] Something just tried to add player miguel_the_papi into team miguel_the_papi (expected team: 07miguel_the_paA)
30.01.2023 - 00:04:19 - [TAB v3.1.0] Something just tried to add player Noob_Gamer into team Noob_Gamer (expected team: 07Noob_GamerA)
30.01.2023 - 00:12:28 - [TAB v3.1.0] Something just tried to add player miguel_the_papi into team miguel_the_papi (expected team: 07miguel_the_paA)
30.01.2023 - 14:15:06 - [TAB v3.1.0] Something just tried to add player Mochi into team Mochi (expected team: 07MochiA)
30.01.2023 - 16:58:49 - [TAB v3.1.0] Something just tried to add player These_Nuts into team These_Nuts (expected team: 07These_NutsA)
30.01.2023 - 17:01:48 - [TAB v3.1.0] Something just tried to add player FlameBlade into team FlameBlade (expected team: 07FlameBladeA)
30.01.2023 - 17:05:19 - [TAB v3.1.0] Something just tried to add player coolbro001 into team coolbro001 (expected team: 07coolbro001A)
30.01.2023 - 17:18:05 - [TAB v3.1.0] Something just tried to add player HellTekky into team HellTekky (expected team: 07HellTekkyA)
30.01.2023 - 17:24:00 - [TAB v3.1.0] Something just tried to add player zer into team zer (expected team: 07zerA)
30.01.2023 - 17:26:39 - [TAB v3.1.0] Something just tried to add player FlameBlade into team FlameBlade (expected team: 07FlameBladeA)
30.01.2023 - 17:46:28 - [TAB v3.1.0] Something just tried to add player kaseyben into team kaseyben (expected team: 07kaseybenA)
30.01.2023 - 19:35:48 - [TAB v3.1.0] Something just tried to add player GOD_kervens into team GOD_kervens (expected team: 07GOD_kervensA)
30.01.2023 - 19:50:07 - [TAB v3.1.0] Something just tried to add player DarvlerYeeish698 into team DarvlerYeeish698 (expected team: 07DarvlerYeeishA)
30.01.2023 - 20:18:58 - [TAB v3.1.0] Something just tried to add player Official_KarmaTV into team Official_KarmaTV (expected team: 07Official_KarmA)
30.01.2023 - 20:45:54 - [TAB v3.1.0] Something just tried to add player HellTekky into team HellTekky (expected team: 07HellTekkyA)
30.01.2023 - 20:52:49 - [TAB v3.1.0] Something just tried to add player Official_KarmaTV into team Official_KarmaTV (expected team: 07Official_KarmA)
30.01.2023 - 20:58:50 - [TAB v3.1.0] Something just tried to add player GOD_kervens into team GOD_kervens (expected team: 07GOD_kervensA)
31.01.2023 - 00:15:43 - [TAB v3.1.0] Something just tried to add player VoolEagl79__ into team VoolEagl79__ (expected team: 07VoolEagl79__A)
31.01.2023 - 03:28:03 - [TAB v3.1.0] Something just tried to add player Idk_Tbh into team Idk_Tbh (expected team: 07Idk_TbhA)
31.01.2023 - 14:59:41 - [TAB v3.1.0] Something just tried to add player GOD_kervens into team GOD_kervens (expected team: 07GOD_kervensA)
31.01.2023 - 15:07:11 - [TAB v3.1.0] Something just tried to add player papikevin into team papikevin (expected team: 07papikevinA)
31.01.2023 - 17:57:54 - [TAB v3.1.0] Something just tried to add player SethGaming into team SethGaming (expected team: 07SethGamingA)
31.01.2023 - 18:05:06 - [TAB v3.1.0] Something just tried to add player Hotdog into team Hotdog (expected team: 07HotdogA)
31.01.2023 - 18:35:38 - [TAB v3.1.0] Something just tried to add player XiolIng_ into team XiolIng_ (expected team: 07XiolIng_A)
31.01.2023 - 18:48:02 - [TAB v3.1.0] Something just tried to add player Andy into team Andy (expected team: 07AndyA)
31.01.2023 - 18:52:45 - [TAB v3.1.0] Something just tried to add player HellTekky into team HellTekky (expected team: 07HellTekkyA)
31.01.2023 - 18:55:44 - [TAB v3.1.0] Something just tried to add player miguel_the_papi into team miguel_the_papi (expected team: 07miguel_the_paA)
31.01.2023 - 19:42:27 - [TAB v3.1.0] Something just tried to add player niggaa into team niggaa (expected team: 07niggaaA)
31.01.2023 - 19:54:54 - [TAB v3.1.0] Something just tried to add player miguel_the_papi into team miguel_the_papi (expected team: 07miguel_the_paA)
31.01.2023 - 20:37:35 - [TAB v3.1.0] Something just tried to add player GOD into team GOD (expected team: 07GODA)
31.01.2023 - 20:38:45 - [TAB v3.1.0] Something just tried to add player HellTekky into team HellTekky (expected team: 07HellTekkyA)
01.02.2023 - 01:29:21 - [TAB v3.1.0] Something just tried to add player miguel_the_papi into team miguel_the_papi (expected team: 07miguel_the_paA)
01.02.2023 - 01:32:56 - [TAB v3.1.0] Something just tried to add player vici into team vici (expected team: 07viciA)
01.02.2023 - 01:50:38 - [TAB v3.1.0] Something just tried to add player vici into team vici (expected team: 07viciA)
01.02.2023 - 02:50:59 - [TAB v3.1.0] Something just tried to add player ViggVool684 into team ViggVool684 (expected team: 07ViggVool684A)
01.02.2023 - 04:52:24 - [TAB v3.1.0] Something just tried to add player vici into team vici (expected team: 07viciA)
01.02.2023 - 15:29:22 - [TAB v3.1.0] Something just tried to add player null into team null (expected team: 07nullA)
01.02.2023 - 15:58:42 - [TAB v3.1.0] Something just tried to add player XiolIng__ into team XiolIng__ (expected team: 07XiolIng__A)
01.02.2023 - 17:05:33 - [TAB v3.1.0] Something just tried to add player FlameBlade into team FlameBlade (expected team: 07FlameBladeA)
01.02.2023 - 17:18:05 - [TAB v3.1.0] Something just tried to add player These_Nuts____ into team These_Nuts____ (expected team: 07These_Nuts___A)
01.02.2023 - 17:22:29 - [TAB v3.1.0] Something just tried to add player YeeishYee226 into team YeeishYee226 (expected team: 07YeeishYee226A)
01.02.2023 - 17:59:35 - [TAB v3.1.0] Something just tried to add player XiolIng__ into team XiolIng__ (expected team: 07XiolIng__A)
01.02.2023 - 19:57:26 - [TAB v3.1.0] Something just tried to add player papikevin into team papikevin (expected team: 07papikevinA)
01.02.2023 - 20:01:57 - [TAB v3.1.0] Something just tried to add player exnogamer57 into team exnogamer57 (expected team: 07exnogamer57A)
01.02.2023 - 20:34:48 - [TAB v3.1.0] Something just tried to add player Vison into team Vison (expected team: 07VisonA)
01.02.2023 - 20:49:00 - [TAB v3.1.0] Something just tried to add player nig_sup_b1tch into team nig_sup_b1tch (expected team: 07nig_sup_b1tchA)
01.02.2023 - 21:03:36 - [TAB v3.1.0] Something just tried to add player AbstractJaxon into team AbstractJaxon (expected team: 07AbstractJaxonA)
01.02.2023 - 21:09:08 - [TAB v3.1.0] Something just tried to add player papikevin into team papikevin (expected team: 07papikevinA)
02.02.2023 - 00:00:19 - [TAB v3.1.0] Something just tried to add player harry into team harry (expected team: 07harryA)
02.02.2023 - 00:17:51 - [TAB v3.1.0] Something just tried to add player solanuscasey into team solanuscasey (expected team: 07solanuscaseyA)
02.02.2023 - 00:18:03 - [TAB v3.1.0] Something just tried to add player kobe into team kobe (expected team: 07kobeA)
02.02.2023 - 00:58:38 - [TAB v3.1.0] Something just tried to add player VoolEagl79__ into team VoolEagl79__ (expected team: 07VoolEagl79__A)
02.02.2023 - 01:36:12 - [TAB v3.1.0] Something just tried to add player vici into team vici (expected team: 07viciA)
02.02.2023 - 01:48:55 - [TAB v3.1.0] Something just tried to add player VoolEagl79__ into team VoolEagl79__ (expected team: 07VoolEagl79__A)
02.02.2023 - 01:59:56 - [TAB v3.1.0] Something just tried to add player papikevin into team papikevin (expected team: 07papikevinA)
02.02.2023 - 02:03:20 - [TAB v3.1.0] Something just tried to add player VoolEagl79__ into team VoolEagl79__ (expected team: 07VoolEagl79__A)
02.02.2023 - 02:09:48 - [TAB v3.1.0] Something just tried to add player ViggVool684 into team ViggVool684 (expected team: 07ViggVool684A)
02.02.2023 - 02:16:00 - [TAB v3.1.0] Something just tried to add player papikevin into team papikevin (expected team: 07papikevinA)
02.02.2023 - 02:25:45 - [TAB v3.1.0] Something just tried to add player VoolEagl79__1 into team VoolEagl79__1 (expected team: 07VoolEagl79__1A)
02.02.2023 - 02:34:57 - [TAB v3.1.0] Something just tried to add player ViggVool684 into team ViggVool684 (expected team: 07ViggVool684A)
02.02.2023 - 02:45:59 - [TAB v3.1.0] Something just tried to add player papikevin into team papikevin (expected team: 07papikevinA)
02.02.2023 - 03:04:28 - [TAB v3.1.0] Something just tried to add player vici into team vici (expected team: 07viciA)
02.02.2023 - 03:12:05 - [TAB v3.1.0] Something just tried to add player Vison into team Vison (expected team: 07VisonA)
02.02.2023 - 03:16:07 - [TAB v3.1.0] Something just tried to add player ViggVool684 into team ViggVool684 (expected team: 07ViggVool684A)
02.02.2023 - 03:32:41 - [TAB v3.1.0] Something just tried to add player VoolEagl79__1 into team VoolEagl79__1 (expected team: 07VoolEagl79__1A)
02.02.2023 - 03:38:19 - [TAB v3.1.0] Something just tried to add player coolbro001 into team coolbro001 (expected team: 07coolbro001A)
02.02.2023 - 03:41:53 - [TAB v3.1.0] Something just tried to add player VoolEagl79__1 into team VoolEagl79__1 (expected team: 07VoolEagl79__1A)
02.02.2023 - 03:44:38 - [TAB v3.1.0] Something just tried to add player Vison into team Vison (expected team: 07VisonA)
02.02.2023 - 03:49:03 - [TAB v3.1.0] Something just tried to add player ViggVool684 into team ViggVool684 (expected team: 07ViggVool684A)
02.02.2023 - 05:38:25 - [TAB v3.1.0] Something just tried to add player dopdopyesyes into team dopdopyesyes (expected team: 07dopdopyesyesA)
02.02.2023 - 13:55:04 - [TAB v3.1.0] Something just tried to add player SethGaming into team SethGaming (expected team: 07SethGamingA)
02.02.2023 - 14:54:19 - [TAB v3.1.0] Something just tried to add player XiolIng__ into team XiolIng__ (expected team: 07XiolIng__A)
02.02.2023 - 15:15:53 - [TAB v3.1.0] Something just tried to add player SethGaming into team SethGaming (expected team: 07SethGamingA)
02.02.2023 - 15:20:53 - [TAB v3.1.0] Something just tried to add player VoolYee397 into team VoolYee397 (expected team: 07VoolYee397A)
02.02.2023 - 15:21:04 - [TAB v3.1.0] Something just tried to add player Jenka into team Jenka (expected team: 07JenkaA)
02.02.2023 - 15:29:47 - [TAB v3.1.0] Something just tried to add player null into team null (expected team: 07nullA)
02.02.2023 - 15:31:32 - [TAB v3.1.0] Something just tried to add player Vison into team Vison (expected team: 07VisonA)
02.02.2023 - 16:02:12 - [TAB v3.1.0] Something just tried to add player EaglEagl731__ into team EaglEagl731__ (expected team: 07EaglEagl731__A)
02.02.2023 - 16:10:16 - [TAB v3.1.0] Something just tried to add player Jenka into team Jenka (expected team: 07JenkaA)
02.02.2023 - 16:34:18 - [TAB v3.1.0] Something just tried to add player YeegYee935 into team YeegYee935 (expected team: 07YeegYee935A)
02.02.2023 - 16:50:45 - [TAB v3.1.0] Something just tried to add player black_man into team black_man (expected team: 07black_manA)
02.02.2023 - 16:51:04 - [TAB v3.1.0] Something just tried to add player yezus707 into team yezus707 (expected team: 07yezus707A)
02.02.2023 - 16:52:12 - [TAB v3.1.0] Something just tried to add player miguel_the_papi into team miguel_the_papi (expected team: 07miguel_the_paA)
02.02.2023 - 16:56:28 - [TAB v3.1.0] Something just tried to add player Kris into team Kris (expected team: 07KrisA)
02.02.2023 - 16:56:43 - [TAB v3.1.0] Something just tried to add player EaglEagl731__ into team EaglEagl731__ (expected team: 07EaglEagl731__A)
02.02.2023 - 16:57:01 - [TAB v3.1.0] Something just tried to add player Vison into team Vison (expected team: 07VisonA)
02.02.2023 - 16:59:38 - [TAB v3.1.0] Something just tried to add player I_LovE_Conner into team I_LovE_Conner (expected team: 07I_LovE_ConnerA)
02.02.2023 - 17:02:15 - [TAB v3.1.0] Something just tried to add player Vison into team Vison (expected team: 07VisonA)
02.02.2023 - 17:06:36 - [TAB v3.1.0] Something just tried to add player miguel_the_papi into team miguel_the_papi (expected team: 07miguel_the_paA)
02.02.2023 - 17:07:25 - [TAB v3.1.0] Something just tried to add player I_LovE_Conner into team I_LovE_Conner (expected team: 07I_LovE_ConnerA)
02.02.2023 - 17:32:19 - [TAB v3.1.0] Something just tried to add player YeelerYeer647 into team YeelerYeer647 (expected team: 07YeelerYeer647A)
02.02.2023 - 18:08:07 - [TAB v3.1.0] Something just tried to add player miguel_the_papi into team miguel_the_papi (expected team: 07miguel_the_paA)
02.02.2023 - 18:18:04 - [TAB v3.1.0] Something just tried to add player papikevin into team papikevin (expected team: 07papikevinA)
02.02.2023 - 18:26:33 - [TAB v3.1.0] Something just tried to add player YeelerYeer647 into team YeelerYeer647 (expected team: 07YeelerYeer647A)
02.02.2023 - 18:33:29 - [TAB v3.1.0] Something just tried to add player papikevin into team papikevin (expected team: 07papikevinA)
02.02.2023 - 18:35:05 - [TAB v3.1.0] Something just tried to add player miguel_the_papi into team miguel_the_papi (expected team: 07miguel_the_paA)
02.02.2023 - 18:52:03 - [TAB v3.1.0] Something just tried to add player miguel_the_papi into team miguel_the_papi (expected team: 07miguel_the_paA)
02.02.2023 - 19:14:36 - [TAB v3.1.0] Something just tried to add player Vent into team Vent (expected team: 07VentA)
02.02.2023 - 19:18:21 - [TAB v3.1.0] Something just tried to add player Infinite into team Infinite (expected team: 07InfiniteA)
02.02.2023 - 19:22:49 - [TAB v3.1.0] Something just tried to add player demarisre123 into team demarisre123 (expected team: 07demarisre123A)
02.02.2023 - 19:34:02 - [TAB v3.1.0] Something just tried to add player gay_striper69 into team gay_striper69 (expected team: 07gay_striper69A)
02.02.2023 - 19:48:53 - [TAB v3.1.0] Something just tried to add player Vison into team Vison (expected team: 07VisonA)
02.02.2023 - 21:10:34 - [TAB v3.1.0] Something just tried to add player Vison into team Vison (expected team: 07VisonA)
02.02.2023 - 21:10:44 - [TAB v3.1.0] Something just tried to add player exnogamer57 into team exnogamer57 (expected team: 07exnogamer57A)
02.02.2023 - 21:10:44 - [TAB v3.1.0] Something just tried to add player Vison into team Vison (expected team: 07VisonA)
02.02.2023 - 21:10:44 - [TAB v3.1.0] Something just tried to add player exnogamer57 into team exnogamer57 (expected team: 07exnogamer57A)
02.02.2023 - 21:10:44 - [TAB v3.1.0] Something just tried to add player Vison into team Vison (expected team: 07VisonA)
02.02.2023 - 21:12:53 - [TAB v3.1.0] Something just tried to add player Vent into team Vent (expected team: 07VentA)
02.02.2023 - 21:13:43 - [TAB v3.1.0] Something just tried to add player exnogamer57 into team exnogamer57 (expected team: 07exnogamer57A)
02.02.2023 - 21:37:36 - [TAB v3.1.0] Something just tried to add player demarisre123 into team demarisre123 (expected team: 07demarisre123A)
02.02.2023 - 22:19:33 - [TAB v3.1.0] Something just tried to add player Bible1 into team Bible1 (expected team: 07Bible1A)
02.02.2023 - 23:59:45 - [TAB v3.1.0] Something just tried to add player solanuscasey_ALT into team solanuscasey_ALT (expected team: 07solanuscasey_A)
03.02.2023 - 00:15:39 - [TAB v3.1.0] Something just tried to add player vici into team vici (expected team: 07viciA)
03.02.2023 - 00:46:38 - [TAB v3.1.0] Something just tried to add player vici into team vici (expected team: 07viciA)
03.02.2023 - 01:26:33 - [TAB v3.1.0] Something just tried to add player vici into team vici (expected team: 07viciA)
03.02.2023 - 01:37:45 - [TAB v3.1.0] Something just tried to add player solanuscasey into team solanuscasey (expected team: 07solanuscaseyA)
03.02.2023 - 01:44:26 - [TAB v3.1.0] Something just tried to add player vici into team vici (expected team: 07viciA)
03.02.2023 - 01:46:01 - [TAB v3.1.0] Something just tried to add player papikevin into team papikevin (expected team: 07papikevinA)
03.02.2023 - 01:46:56 - [TAB v3.1.0] Something just tried to add player Vison into team Vison (expected team: 07VisonA)
03.02.2023 - 01:58:10 - [TAB v3.1.0] Something just tried to add player solanuscasey into team solanuscasey (expected team: 07solanuscaseyA)
03.02.2023 - 02:00:02 - [TAB v3.1.0] Something just tried to add player YeelerYeer647 into team YeelerYeer647 (expected team: 07YeelerYeer647A)
03.02.2023 - 02:05:38 - [TAB v3.1.0] Something just tried to add player solanuscasey into team solanuscasey (expected team: 07solanuscaseyA)
03.02.2023 - 02:09:36 - [TAB v3.1.0] Something just tried to add player miguel_the_papi into team miguel_the_papi (expected team: 07miguel_the_paA)
03.02.2023 - 02:23:47 - [TAB v3.1.0] Something just tried to add player vici into team vici (expected team: 07viciA)
03.02.2023 - 03:30:00 - [TAB v3.1.0] Something just tried to add player Vison into team Vison (expected team: 07VisonA)
03.02.2023 - 03:37:59 - [TAB v3.1.0] Something just tried to add player vici into team vici (expected team: 07viciA)
03.02.2023 - 12:47:03 - [TAB v3.1.0] Something just tried to add player vici into team vici (expected team: 07viciA)
03.02.2023 - 12:52:53 - [TAB v3.1.0] Something just tried to add player miguel_the_papi into team miguel_the_papi (expected team: 07miguel_the_paA)
03.02.2023 - 13:51:40 - [TAB v3.1.0] Something just tried to add player YeerYeer689 into team YeerYeer689 (expected team: 07YeerYeer689A)
03.02.2023 - 14:00:27 - [TAB v3.1.0] Something just tried to add player XiolIng__ into team XiolIng__ (expected team: 07XiolIng__A)
03.02.2023 - 14:04:33 - [TAB v3.1.0] Something just tried to add player SethGaming into team SethGaming (expected team: 07SethGamingA)
03.02.2023 - 14:08:12 - [TAB v3.1.0] Something just tried to add player YeerYeer689 into team YeerYeer689 (expected team: 07YeerYeer689A)
03.02.2023 - 14:09:33 - [TAB v3.1.0] Something just tried to add player SethGaming into team SethGaming (expected team: 07SethGamingA)
03.02.2023 - 14:13:49 - [TAB v3.1.0] Something just tried to add player XiolIng__ into team XiolIng__ (expected team: 07XiolIng__A)
03.02.2023 - 14:17:17 - [TAB v3.1.0] Something just tried to add player SethGaming into team SethGaming (expected team: 07SethGamingA)
03.02.2023 - 14:17:18 - [TAB v3.1.0] Something just tried to add player XiolIng__ into team XiolIng__ (expected team: 07XiolIng__A)
03.02.2023 - 14:48:16 - [TAB v3.1.0] Something just tried to add player sergio into team sergio (expected team: 07sergioA)
03.02.2023 - 14:55:24 - [TAB v3.1.0] Something just tried to add player miguel_the_papi into team miguel_the_papi (expected team: 07miguel_the_paA)
03.02.2023 - 15:06:53 - [TAB v3.1.0] Something just tried to add player Silver into team Silver (expected team: 07SilverA)
03.02.2023 - 15:10:09 - [TAB v3.1.0] Something just tried to add player YeelerYeer647 into team YeelerYeer647 (expected team: 07YeelerYeer647A)
03.02.2023 - 15:12:22 - [TAB v3.1.0] Something just tried to add player Jenka into team Jenka (expected team: 07JenkaA)
03.02.2023 - 15:18:42 - [TAB v3.1.0] Something just tried to add player miguel_the_papi into team miguel_the_papi (expected team: 07miguel_the_paA)
03.02.2023 - 15:20:41 - [TAB v3.1.0] Something just tried to add player SethGaming into team SethGaming (expected team: 07SethGamingA)
03.02.2023 - 15:28:43 - [TAB v3.1.0] Something just tried to add player your_mom into team your_mom (expected team: 07your_momA)
03.02.2023 - 15:46:19 - [TAB v3.1.0] Something just tried to add player Jenka1 into team Jenka1 (expected team: 07Jenka1A)
03.02.2023 - 16:00:43 - [TAB v3.1.0] Something just tried to add player VoolEagl79__1 into team VoolEagl79__1 (expected team: 07VoolEagl79__1A)
03.02.2023 - 16:03:07 - [TAB v3.1.0] Something just tried to add player miguel_the_papi into team miguel_the_papi (expected team: 07miguel_the_paA)
03.02.2023 - 16:24:20 - [TAB v3.1.0] Something just tried to add player VoolEagl79__1 into team VoolEagl79__1 (expected team: 07VoolEagl79__1A)
03.02.2023 - 17:12:00 - [TAB v3.1.0] Something just tried to add player YeerYeer689 into team YeerYeer689 (expected team: 07YeerYeer689A)
03.02.2023 - 17:28:42 - [TAB v3.1.0] Something just tried to add player Master101 into team Master101 (expected team: 07Master101A)
03.02.2023 - 17:37:26 - [TAB v3.1.0] Something just tried to add player Dylan69 into team Dylan69 (expected team: 07Dylan69A)
03.02.2023 - 17:55:31 - [TAB v3.1.0] Something just tried to add player Ehan1987 into team Ehan1987 (expected team: 07Ehan1987A)
03.02.2023 - 18:38:29 - [TAB v3.1.0] Something just tried to add player XiolIng__ into team XiolIng__ (expected team: 07XiolIng__A)
03.02.2023 - 18:44:54 - [TAB v3.1.0] Something just tried to add player papikevin into team papikevin (expected team: 07papikevinA)
03.02.2023 - 19:21:44 - [TAB v3.1.0] Something just tried to add player Ryan_R into team Ryan_R (expected team: 07Ryan_RA)
03.02.2023 - 19:38:47 - [TAB v3.1.0] Something just tried to add player DragonDrape into team DragonDrape (expected team: 07DragonDrapeA)
03.02.2023 - 19:53:19 - [TAB v3.1.0] Something just tried to add player YeeishEagl954 into team YeeishEagl954 (expected team: 07YeeishEagl954A)
03.02.2023 - 20:14:21 - [TAB v3.1.0] Something just tried to add player Trom_08 into team Trom_08 (expected team: 07Trom_08A)
03.02.2023 - 20:56:35 - [TAB v3.1.0] Something just tried to add player Dylan69 into team Dylan69 (expected team: 07Dylan69A)
03.02.2023 - 21:18:41 - [TAB v3.1.0] Something just tried to add player YeelerYeer647 into team YeelerYeer647 (expected team: 07YeelerYeer647A)
03.02.2023 - 22:06:49 - [TAB v3.1.0] Something just tried to add player Dylan69 into team Dylan69 (expected team: 07Dylan69A)
03.02.2023 - 22:25:21 - [TAB v3.1.0] Something just tried to add player miguel_the_papi into team miguel_the_papi (expected team: 07miguel_the_paA)
03.02.2023 - 22:35:03 - [TAB v3.1.0] Something just tried to add player papikevin into team papikevin (expected team: 07papikevinA)
04.02.2023 - 00:08:22 - [TAB v3.1.0] Something just tried to add player miguel_the_papi into team miguel_the_papi (expected team: 07miguel_the_paA)
04.02.2023 - 00:12:42 - [TAB v3.1.0] Something just tried to add player vici into team vici (expected team: 07viciA)
04.02.2023 - 00:16:29 - [TAB v3.1.0] Something just tried to add player VoolEagl79__1 into team VoolEagl79__1 (expected team: 07VoolEagl79__1A)
04.02.2023 - 00:30:23 - [TAB v3.1.0] Something just tried to add player miguel_the_papi into team miguel_the_papi (expected team: 07miguel_the_paA)
04.02.2023 - 18:06:06 - [TAB v3.1.0] Something just tried to add player Vison1 into team Vison1 (expected team: 07Vison1A)
04.02.2023 - 18:34:12 - [TAB v3.1.0] Something just tried to add player solanuscasey into team solanuscasey (expected team: 07solanuscaseyA)
04.02.2023 - 18:48:13 - [TAB v3.1.0] Something just tried to add player VoolEagl79__1 into team VoolEagl79__1 (expected team: 07VoolEagl79__1A)
05.02.2023 - 00:00:06 - [TAB v3.1.0] Something just tried to add player Vison1 into team Vison1 (expected team: 07Vison1A)
07.02.2023 - 16:17:34 - [TAB v3.1.0] Something just tried to add player Mocha_Latte into team Mocha_Latte (expected team: 07Mocha_LatteA)
09.02.2023 - 18:14:03 - [TAB v3.1.0] Something just tried to add player BIG_D into team BIG_D (expected team: 07BIG_DA)
